18-Oct-2021 19:36:58.658 INFO [http-nio-8080-exec-2] org.apache.catalina.core.ApplicationContext.log Manager: init: Associated with Deployer 'Catalina:type=Deployer,host=localhost'
18-Oct-2021 19:36:58.659 INFO [http-nio-8080-exec-2] org.apache.catalina.core.ApplicationContext.log Manager: init: Global resources are available
18-Oct-2021 19:37:15.556 INFO [http-nio-8080-exec-6] org.apache.catalina.core.ApplicationContext.log HTMLManager: init: Associated with Deployer 'Catalina:type=Deployer,host=localhost'
18-Oct-2021 19:37:15.556 INFO [http-nio-8080-exec-6] org.apache.catalina.core.ApplicationContext.log HTMLManager: init: Global resources are available
18-Oct-2021 19:37:15.565 INFO [http-nio-8080-exec-6] org.apache.catalina.core.ApplicationContext.log HTMLManager: list: Listing contexts for virtual host 'localhost'
18-Oct-2021 19:38:23.117 INFO [http-nio-8080-exec-2] org.apache.catalina.core.ApplicationContext.log Manager: deploy: Deploying web application '/rps'
18-Oct-2021 19:38:23.117 INFO [http-nio-8080-exec-2] org.apache.catalina.core.ApplicationContext.log Manager: Uploading WAR file to C:\Users\mahdi\OneDrive\Bureau\Projet MongoDB\apache-tomcat-9.0.54\webapps\rps.war
18-Oct-2021 19:41:14.489 INFO [http-nio-8080-exec-2] org.apache.catalina.core.ApplicationContext.log Manager: deploy: Deploying web application '/MovieRecommender'
18-Oct-2021 19:41:14.489 INFO [http-nio-8080-exec-2] org.apache.catalina.core.ApplicationContext.log Manager: Uploading WAR file to C:\Users\mahdi\OneDrive\Bureau\Projet MongoDB\apache-tomcat-9.0.54\webapps\MovieRecommender.war
18-Oct-2021 20:17:29.717 INFO [http-nio-8080-exec-2] org.apache.catalina.core.ApplicationContext.log Manager: deploy: Deploying web application '/MovieRecommender'
18-Oct-2021 20:17:30.787 INFO [http-nio-8080-exec-3] org.apache.catalina.core.ApplicationContext.log Manager: deploy: Deploying web application '/MovieRecommender'
18-Oct-2021 20:17:31.852 INFO [http-nio-8080-exec-4] org.apache.catalina.core.ApplicationContext.log Manager: deploy: Deploying web application '/MovieRecommender'
18-Oct-2021 20:17:32.911 INFO [http-nio-8080-exec-5] org.apache.catalina.core.ApplicationContext.log Manager: deploy: Deploying web application '/MovieRecommender'
18-Oct-2021 20:20:55.284 INFO [http-nio-8080-exec-10] org.apache.catalina.core.ApplicationContext.log HTMLManager: init: Associated with Deployer 'Catalina:type=Deployer,host=localhost'
18-Oct-2021 20:20:55.284 INFO [http-nio-8080-exec-10] org.apache.catalina.core.ApplicationContext.log HTMLManager: init: Global resources are available
18-Oct-2021 20:20:55.293 INFO [http-nio-8080-exec-10] org.apache.catalina.core.ApplicationContext.log HTMLManager: list: Listing contexts for virtual host 'localhost'
18-Oct-2021 20:21:20.790 INFO [http-nio-8080-exec-3] org.apache.catalina.core.ApplicationContext.log Manager: init: Associated with Deployer 'Catalina:type=Deployer,host=localhost'
18-Oct-2021 20:21:20.790 INFO [http-nio-8080-exec-3] org.apache.catalina.core.ApplicationContext.log Manager: init: Global resources are available
18-Oct-2021 20:21:20.791 INFO [http-nio-8080-exec-3] org.apache.catalina.core.ApplicationContext.log Manager: deploy: Deploying web application '/MovieRecommender'
18-Oct-2021 20:21:21.878 INFO [http-nio-8080-exec-2] org.apache.catalina.core.ApplicationContext.log Manager: deploy: Deploying web application '/MovieRecommender'
18-Oct-2021 20:21:22.944 INFO [http-nio-8080-exec-5] org.apache.catalina.core.ApplicationContext.log Manager: deploy: Deploying web application '/MovieRecommender'
18-Oct-2021 20:21:24.003 INFO [http-nio-8080-exec-6] org.apache.catalina.core.ApplicationContext.log Manager: deploy: Deploying web application '/MovieRecommender'
18-Oct-2021 20:24:40.854 INFO [http-nio-8080-exec-7] org.apache.catalina.core.ApplicationContext.log Manager: init: Associated with Deployer 'Catalina:type=Deployer,host=localhost'
18-Oct-2021 20:24:40.855 INFO [http-nio-8080-exec-7] org.apache.catalina.core.ApplicationContext.log Manager: init: Global resources are available
18-Oct-2021 20:24:40.856 INFO [http-nio-8080-exec-7] org.apache.catalina.core.ApplicationContext.log Manager: deploy: Deploying web application '/MovieRecommender'
18-Oct-2021 20:24:40.856 INFO [http-nio-8080-exec-7] org.apache.catalina.core.ApplicationContext.log Manager: Uploading WAR file to C:\Users\mahdi\OneDrive\Bureau\Projet MongoDB\apache-tomcat-9.0.54\webapps\MovieRecommender.war
18-Oct-2021 20:24:59.278 INFO [http-nio-8080-exec-9] org.apache.catalina.core.ApplicationContext.log Manager: deploy: Deploying web application '/MovieRecommender'
18-Oct-2021 20:25:00.360 INFO [http-nio-8080-exec-10] org.apache.catalina.core.ApplicationContext.log Manager: deploy: Deploying web application '/MovieRecommender'
18-Oct-2021 20:25:01.419 INFO [http-nio-8080-exec-1] org.apache.catalina.core.ApplicationContext.log Manager: deploy: Deploying web application '/MovieRecommender'
18-Oct-2021 20:25:02.486 INFO [http-nio-8080-exec-2] org.apache.catalina.core.ApplicationContext.log Manager: deploy: Deploying web application '/MovieRecommender'
18-Oct-2021 20:25:57.108 INFO [http-nio-8080-exec-1] org.apache.catalina.core.ApplicationContext.log Manager: init: Associated with Deployer 'Catalina:type=Deployer,host=localhost'
18-Oct-2021 20:25:57.109 INFO [http-nio-8080-exec-1] org.apache.catalina.core.ApplicationContext.log Manager: init: Global resources are available
18-Oct-2021 20:25:57.114 INFO [http-nio-8080-exec-1] org.apache.catalina.core.ApplicationContext.log Manager: deploy: Deploying web application '/MovieRecommender'
18-Oct-2021 20:25:57.114 INFO [http-nio-8080-exec-1] org.apache.catalina.core.ApplicationContext.log Manager: Uploading WAR file to C:\Users\mahdi\OneDrive\Bureau\Projet MongoDB\apache-tomcat-9.0.54\webapps\MovieRecommender.war
